<?xml version="1.0" encoding="utf-8"?><testsuites><testsuite errors="0" failures="0" hostname="DESKTOP-O56C41J" name="pytest" skipped="0" tests="7" time="4.854" timestamp="2020-05-25T15:59:48.088240"><testcase classname="test_submit" file="test_submit.py" line="3" name="test_q1" time="0.001"></testcase><testcase classname="test_submit" file="test_submit.py" line="11" name="test_q2" time="0.018"></testcase><testcase classname="test_submit" file="test_submit.py" line="16" name="test_q3" time="0.002"></testcase><testcase classname="test_submit" file="test_submit.py" line="21" name="test_q4" time="0.002"></testcase><testcase classname="test_submit" file="test_submit.py" line="26" name="test_q5" time="0.008"></testcase><testcase classname="test_submit" file="test_submit.py" line="34" name="test_q6" time="0.447"></testcase><testcase classname="test_submit" file="test_submit.py" line="39" name="test_q7" time="0.460"></testcase></testsuite></testsuites>